  1-12.cpp
C:\Users\정태연\OneDrive\바탕 화면\대학\컴퓨터 그래픽스\CG\1-12\1-12.cpp(49,32): warning C4244: '=': 'double'에서 'float'(으)로 변환하면서 데이터가 손실될 수 있습니다.
C:\Users\정태연\OneDrive\바탕 화면\대학\컴퓨터 그래픽스\CG\1-12\1-12.cpp(50,32): warning C4244: '=': 'double'에서 'float'(으)로 변환하면서 데이터가 손실될 수 있습니다.
C:\Users\정태연\OneDrive\바탕 화면\대학\컴퓨터 그래픽스\CG\1-12\1-12.cpp(52,25): warning C4244: '=': 'double'에서 'float'(으)로 변환하면서 데이터가 손실될 수 있습니다.
C:\Users\정태연\OneDrive\바탕 화면\대학\컴퓨터 그래픽스\CG\1-12\1-12.cpp(52,55): warning C4244: '=': 'double'에서 'float'(으)로 변환하면서 데이터가 손실될 수 있습니다.
C:\Users\정태연\OneDrive\바탕 화면\대학\컴퓨터 그래픽스\CG\1-12\1-12.cpp(52,85): warning C4244: '=': 'double'에서 'float'(으)로 변환하면서 데이터가 손실될 수 있습니다.
C:\Users\정태연\OneDrive\바탕 화면\대학\컴퓨터 그래픽스\CG\1-12\1-12.cpp(69,23): warning C4244: '=': 'double'에서 'GLfloat'(으)로 변환하면서 데이터가 손실될 수 있습니다.
C:\Users\정태연\OneDrive\바탕 화면\대학\컴퓨터 그래픽스\CG\1-12\1-12.cpp(70,23): warning C4244: '=': 'double'에서 'GLfloat'(으)로 변환하면서 데이터가 손실될 수 있습니다.
C:\Users\정태연\OneDrive\바탕 화면\대학\컴퓨터 그래픽스\CG\1-12\1-12.cpp(71,23): warning C4244: '=': 'double'에서 'GLfloat'(으)로 변환하면서 데이터가 손실될 수 있습니다.
C:\Users\정태연\OneDrive\바탕 화면\대학\컴퓨터 그래픽스\CG\1-12\1-12.cpp(72,23): warning C4244: '=': 'double'에서 'GLfloat'(으)로 변환하면서 데이터가 손실될 수 있습니다.
C:\Users\정태연\OneDrive\바탕 화면\대학\컴퓨터 그래픽스\CG\1-12\1-12.cpp(76,23): warning C4244: '=': 'double'에서 'GLfloat'(으)로 변환하면서 데이터가 손실될 수 있습니다.
C:\Users\정태연\OneDrive\바탕 화면\대학\컴퓨터 그래픽스\CG\1-12\1-12.cpp(77,23): warning C4244: '=': 'double'에서 'GLfloat'(으)로 변환하면서 데이터가 손실될 수 있습니다.
C:\Users\정태연\OneDrive\바탕 화면\대학\컴퓨터 그래픽스\CG\1-12\1-12.cpp(78,23): warning C4244: '=': 'double'에서 'GLfloat'(으)로 변환하면서 데이터가 손실될 수 있습니다.
C:\Users\정태연\OneDrive\바탕 화면\대학\컴퓨터 그래픽스\CG\1-12\1-12.cpp(79,23): warning C4244: '=': 'double'에서 'GLfloat'(으)로 변환하면서 데이터가 손실될 수 있습니다.
C:\Users\정태연\OneDrive\바탕 화면\대학\컴퓨터 그래픽스\CG\1-12\1-12.cpp(80,23): warning C4244: '=': 'double'에서 'GLfloat'(으)로 변환하면서 데이터가 손실될 수 있습니다.
C:\Users\정태연\OneDrive\바탕 화면\대학\컴퓨터 그래픽스\CG\1-12\1-12.cpp(83,23): warning C4244: '=': 'double'에서 'GLfloat'(으)로 변환하면서 데이터가 손실될 수 있습니다.
C:\Users\정태연\OneDrive\바탕 화면\대학\컴퓨터 그래픽스\CG\1-12\1-12.cpp(84,23): warning C4244: '=': 'double'에서 'GLfloat'(으)로 변환하면서 데이터가 손실될 수 있습니다.
C:\Users\정태연\OneDrive\바탕 화면\대학\컴퓨터 그래픽스\CG\1-12\1-12.cpp(85,38): warning C4244: '=': 'double'에서 'GLfloat'(으)로 변환하면서 데이터가 손실될 수 있습니다.
C:\Users\정태연\OneDrive\바탕 화면\대학\컴퓨터 그래픽스\CG\1-12\1-12.cpp(86,38): warning C4244: '=': 'double'에서 'GLfloat'(으)로 변환하면서 데이터가 손실될 수 있습니다.
C:\Users\정태연\OneDrive\바탕 화면\대학\컴퓨터 그래픽스\CG\1-12\1-12.cpp(87,38): warning C4244: '=': 'double'에서 'GLfloat'(으)로 변환하면서 데이터가 손실될 수 있습니다.
C:\Users\정태연\OneDrive\바탕 화면\대학\컴퓨터 그래픽스\CG\1-12\1-12.cpp(88,38): warning C4244: '=': 'double'에서 'GLfloat'(으)로 변환하면서 데이터가 손실될 수 있습니다.
C:\Users\정태연\OneDrive\바탕 화면\대학\컴퓨터 그래픽스\CG\1-12\1-12.cpp(89,23): warning C4244: '=': 'double'에서 'GLfloat'(으)로 변환하면서 데이터가 손실될 수 있습니다.
C:\Users\정태연\OneDrive\바탕 화면\대학\컴퓨터 그래픽스\CG\1-12\1-12.cpp(90,24): warning C4244: '=': 'double'에서 'GLfloat'(으)로 변환하면서 데이터가 손실될 수 있습니다.
C:\Users\정태연\OneDrive\바탕 화면\대학\컴퓨터 그래픽스\CG\1-12\1-12.cpp(94,53): warning C4244: '=': 'double'에서 'GLfloat'(으)로 변환하면서 데이터가 손실될 수 있습니다.
C:\Users\정태연\OneDrive\바탕 화면\대학\컴퓨터 그래픽스\CG\1-12\1-12.cpp(95,38): warning C4244: '=': 'double'에서 'GLfloat'(으)로 변환하면서 데이터가 손실될 수 있습니다.
C:\Users\정태연\OneDrive\바탕 화면\대학\컴퓨터 그래픽스\CG\1-12\1-12.cpp(96,38): warning C4244: '=': 'double'에서 'GLfloat'(으)로 변환하면서 데이터가 손실될 수 있습니다.
C:\Users\정태연\OneDrive\바탕 화면\대학\컴퓨터 그래픽스\CG\1-12\1-12.cpp(97,38): warning C4244: '=': 'double'에서 'GLfloat'(으)로 변환하면서 데이터가 손실될 수 있습니다.
C:\Users\정태연\OneDrive\바탕 화면\대학\컴퓨터 그래픽스\CG\1-12\1-12.cpp(98,38): warning C4244: '=': 'double'에서 'GLfloat'(으)로 변환하면서 데이터가 손실될 수 있습니다.
C:\Users\정태연\OneDrive\바탕 화면\대학\컴퓨터 그래픽스\CG\1-12\1-12.cpp(99,23): warning C4244: '=': 'double'에서 'GLfloat'(으)로 변환하면서 데이터가 손실될 수 있습니다.
C:\Users\정태연\OneDrive\바탕 화면\대학\컴퓨터 그래픽스\CG\1-12\1-12.cpp(100,24): warning C4244: '=': 'double'에서 'GLfloat'(으)로 변환하면서 데이터가 손실될 수 있습니다.
C:\Users\정태연\OneDrive\바탕 화면\대학\컴퓨터 그래픽스\CG\1-12\1-12.cpp(105,68): warning C4244: '=': 'double'에서 'GLfloat'(으)로 변환하면서 데이터가 손실될 수 있습니다.
C:\Users\정태연\OneDrive\바탕 화면\대학\컴퓨터 그래픽스\CG\1-12\1-12.cpp(106,52): warning C4244: '=': 'double'에서 'GLfloat'(으)로 변환하면서 데이터가 손실될 수 있습니다.
C:\Users\정태연\OneDrive\바탕 화면\대학\컴퓨터 그래픽스\CG\1-12\1-12.cpp(107,68): warning C4244: '=': 'double'에서 'GLfloat'(으)로 변환하면서 데이터가 손실될 수 있습니다.
C:\Users\정태연\OneDrive\바탕 화면\대학\컴퓨터 그래픽스\CG\1-12\1-12.cpp(108,38): warning C4244: '=': 'double'에서 'GLfloat'(으)로 변환하면서 데이터가 손실될 수 있습니다.
C:\Users\정태연\OneDrive\바탕 화면\대학\컴퓨터 그래픽스\CG\1-12\1-12.cpp(109,39): warning C4244: '=': 'double'에서 'GLfloat'(으)로 변환하면서 데이터가 손실될 수 있습니다.
C:\Users\정태연\OneDrive\바탕 화면\대학\컴퓨터 그래픽스\CG\1-12\1-12.cpp(110,54): warning C4244: '=': 'double'에서 'GLfloat'(으)로 변환하면서 데이터가 손실될 수 있습니다.
C:\Users\정태연\OneDrive\바탕 화면\대학\컴퓨터 그래픽스\CG\1-12\1-12.cpp(115,1): warning C4326: 'main'의 반환 형식이 'int'이어야 하는데 'void'입니다.
C:\Users\정태연\OneDrive\바탕 화면\대학\컴퓨터 그래픽스\CG\1-12\1-12.cpp(116,12): warning C4244: '인수': 'time_t'에서 'unsigned int'(으)로 변환하면서 데이터가 손실될 수 있습니다.
C:\Users\정태연\OneDrive\바탕 화면\대학\컴퓨터 그래픽스\CG\1-12\1-12.cpp(296,19): warning C4244: '=': 'double'에서 'float'(으)로 변환하면서 데이터가 손실될 수 있습니다.
C:\Users\정태연\OneDrive\바탕 화면\대학\컴퓨터 그래픽스\CG\1-12\1-12.cpp(297,19): warning C4244: '=': 'double'에서 'float'(으)로 변환하면서 데이터가 손실될 수 있습니다.
C:\Users\정태연\OneDrive\바탕 화면\대학\컴퓨터 그래픽스\CG\1-12\1-12.cpp(304,19): warning C4244: '=': 'double'에서 'float'(으)로 변환하면서 데이터가 손실될 수 있습니다.
C:\Users\정태연\OneDrive\바탕 화면\대학\컴퓨터 그래픽스\CG\1-12\1-12.cpp(305,19): warning C4244: '=': 'double'에서 'float'(으)로 변환하면서 데이터가 손실될 수 있습니다.
C:\Users\정태연\OneDrive\바탕 화면\대학\컴퓨터 그래픽스\CG\1-12\1-12.cpp(312,19): warning C4244: '=': 'double'에서 'float'(으)로 변환하면서 데이터가 손실될 수 있습니다.
C:\Users\정태연\OneDrive\바탕 화면\대학\컴퓨터 그래픽스\CG\1-12\1-12.cpp(313,19): warning C4244: '=': 'double'에서 'float'(으)로 변환하면서 데이터가 손실될 수 있습니다.
C:\Users\정태연\OneDrive\바탕 화면\대학\컴퓨터 그래픽스\CG\1-12\1-12.cpp(320,19): warning C4244: '=': 'double'에서 'float'(으)로 변환하면서 데이터가 손실될 수 있습니다.
C:\Users\정태연\OneDrive\바탕 화면\대학\컴퓨터 그래픽스\CG\1-12\1-12.cpp(321,19): warning C4244: '=': 'double'에서 'float'(으)로 변환하면서 데이터가 손실될 수 있습니다.
C:\Users\정태연\OneDrive\바탕 화면\대학\컴퓨터 그래픽스\CG\1-12\1-12.cpp(332,20): warning C4244: '=': 'double'에서 'float'(으)로 변환하면서 데이터가 손실될 수 있습니다.
C:\Users\정태연\OneDrive\바탕 화면\대학\컴퓨터 그래픽스\CG\1-12\1-12.cpp(335,20): warning C4244: '=': 'double'에서 'float'(으)로 변환하면서 데이터가 손실될 수 있습니다.
C:\Users\정태연\OneDrive\바탕 화면\대학\컴퓨터 그래픽스\CG\1-12\1-12.cpp(347,20): warning C4244: '=': 'double'에서 'float'(으)로 변환하면서 데이터가 손실될 수 있습니다.
C:\Users\정태연\OneDrive\바탕 화면\대학\컴퓨터 그래픽스\CG\1-12\1-12.cpp(350,20): warning C4244: '=': 'double'에서 'float'(으)로 변환하면서 데이터가 손실될 수 있습니다.
C:\Users\정태연\OneDrive\바탕 화면\대학\컴퓨터 그래픽스\CG\1-12\1-12.cpp(362,20): warning C4244: '=': 'double'에서 'float'(으)로 변환하면서 데이터가 손실될 수 있습니다.
C:\Users\정태연\OneDrive\바탕 화면\대학\컴퓨터 그래픽스\CG\1-12\1-12.cpp(365,20): warning C4244: '=': 'double'에서 'float'(으)로 변환하면서 데이터가 손실될 수 있습니다.
C:\Users\정태연\OneDrive\바탕 화면\대학\컴퓨터 그래픽스\CG\1-12\1-12.cpp(377,20): warning C4244: '=': 'double'에서 'float'(으)로 변환하면서 데이터가 손실될 수 있습니다.
C:\Users\정태연\OneDrive\바탕 화면\대학\컴퓨터 그래픽스\CG\1-12\1-12.cpp(380,20): warning C4244: '=': 'double'에서 'float'(으)로 변환하면서 데이터가 손실될 수 있습니다.
C:\Users\정태연\OneDrive\바탕 화면\대학\컴퓨터 그래픽스\CG\1-12\1-12.cpp(401,33): warning C4244: '=': 'double'에서 'float'(으)로 변환하면서 데이터가 손실될 수 있습니다.
C:\Users\정태연\OneDrive\바탕 화면\대학\컴퓨터 그래픽스\CG\1-12\1-12.cpp(402,21): warning C4244: '=': 'double'에서 'float'(으)로 변환하면서 데이터가 손실될 수 있습니다.
C:\Users\정태연\OneDrive\바탕 화면\대학\컴퓨터 그래픽스\CG\1-12\1-12.cpp(438,33): warning C4244: '=': 'double'에서 'float'(으)로 변환하면서 데이터가 손실될 수 있습니다.
C:\Users\정태연\OneDrive\바탕 화면\대학\컴퓨터 그래픽스\CG\1-12\1-12.cpp(439,21): warning C4244: '=': 'double'에서 'float'(으)로 변환하면서 데이터가 손실될 수 있습니다.
C:\Users\정태연\OneDrive\바탕 화면\대학\컴퓨터 그래픽스\CG\1-12\1-12.cpp(440,21): warning C4805: '==': 연산에 'BOOL' 형식과 'bool' 형식을 함께 사용하는 것은 안전하지 않습니다.
  1-12.vcxproj -> C:\Users\정태연\OneDrive\바탕 화면\대학\컴퓨터 그래픽스\CG\1-11\x64\Debug\1-12.exe
