  1-11.cpp
C:\Users\정태연\OneDrive\바탕 화면\대학\컴퓨터 그래픽스\CG\1-11\1-11.cpp(47,25): warning C4244: '=': 'double'에서 'float'(으)로 변환하면서 데이터가 손실될 수 있습니다.
C:\Users\정태연\OneDrive\바탕 화면\대학\컴퓨터 그래픽스\CG\1-11\1-11.cpp(47,55): warning C4244: '=': 'double'에서 'float'(으)로 변환하면서 데이터가 손실될 수 있습니다.
C:\Users\정태연\OneDrive\바탕 화면\대학\컴퓨터 그래픽스\CG\1-11\1-11.cpp(47,85): warning C4244: '=': 'double'에서 'float'(으)로 변환하면서 데이터가 손실될 수 있습니다.
C:\Users\정태연\OneDrive\바탕 화면\대학\컴퓨터 그래픽스\CG\1-11\1-11.cpp(57,30): warning C4305: '=': 'double'에서 'GLfloat'(으)로 잘립니다.
C:\Users\정태연\OneDrive\바탕 화면\대학\컴퓨터 그래픽스\CG\1-11\1-11.cpp(58,44): warning C4305: '=': 'double'에서 'GLfloat'(으)로 잘립니다.
C:\Users\정태연\OneDrive\바탕 화면\대학\컴퓨터 그래픽스\CG\1-11\1-11.cpp(61,17): warning C4305: '=': 'double'에서 'GLfloat'(으)로 잘립니다.
C:\Users\정태연\OneDrive\바탕 화면\대학\컴퓨터 그래픽스\CG\1-11\1-11.cpp(62,16): warning C4305: '=': 'double'에서 'GLfloat'(으)로 잘립니다.
C:\Users\정태연\OneDrive\바탕 화면\대학\컴퓨터 그래픽스\CG\1-11\1-11.cpp(63,17): warning C4305: '=': 'double'에서 'GLfloat'(으)로 잘립니다.
C:\Users\정태연\OneDrive\바탕 화면\대학\컴퓨터 그래픽스\CG\1-11\1-11.cpp(64,16): warning C4305: '=': 'double'에서 'GLfloat'(으)로 잘립니다.
C:\Users\정태연\OneDrive\바탕 화면\대학\컴퓨터 그래픽스\CG\1-11\1-11.cpp(68,121): warning C4305: '=': 'double'에서 'GLfloat'(으)로 잘립니다.
C:\Users\정태연\OneDrive\바탕 화면\대학\컴퓨터 그래픽스\CG\1-11\1-11.cpp(69,104): warning C4305: '=': 'double'에서 'GLfloat'(으)로 잘립니다.
C:\Users\정태연\OneDrive\바탕 화면\대학\컴퓨터 그래픽스\CG\1-11\1-11.cpp(74,31): warning C4305: '=': 'double'에서 'GLfloat'(으)로 잘립니다.
C:\Users\정태연\OneDrive\바탕 화면\대학\컴퓨터 그래픽스\CG\1-11\1-11.cpp(75,61): warning C4305: '=': 'double'에서 'GLfloat'(으)로 잘립니다.
C:\Users\정태연\OneDrive\바탕 화면\대학\컴퓨터 그래픽스\CG\1-11\1-11.cpp(76,31): warning C4305: '=': 'double'에서 'GLfloat'(으)로 잘립니다.
C:\Users\정태연\OneDrive\바탕 화면\대학\컴퓨터 그래픽스\CG\1-11\1-11.cpp(77,31): warning C4305: '=': 'double'에서 'GLfloat'(으)로 잘립니다.
C:\Users\정태연\OneDrive\바탕 화면\대학\컴퓨터 그래픽스\CG\1-11\1-11.cpp(78,32): warning C4305: '=': 'double'에서 'GLfloat'(으)로 잘립니다.
C:\Users\정태연\OneDrive\바탕 화면\대학\컴퓨터 그래픽스\CG\1-11\1-11.cpp(79,18): warning C4305: '=': 'double'에서 'GLfloat'(으)로 잘립니다.
C:\Users\정태연\OneDrive\바탕 화면\대학\컴퓨터 그래픽스\CG\1-11\1-11.cpp(83,1): warning C4326: 'main'의 반환 형식이 'int'이어야 하는데 'void'입니다.
C:\Users\정태연\OneDrive\바탕 화면\대학\컴퓨터 그래픽스\CG\1-11\1-11.cpp(84,12): warning C4244: '인수': 'time_t'에서 'unsigned int'(으)로 변환하면서 데이터가 손실될 수 있습니다.
C:\Users\정태연\OneDrive\바탕 화면\대학\컴퓨터 그래픽스\CG\1-11\1-11.cpp(235,17): warning C4805: '==': 연산에 'BOOL' 형식과 'bool' 형식을 함께 사용하는 것은 안전하지 않습니다.
C:\Users\정태연\OneDrive\바탕 화면\대학\컴퓨터 그래픽스\CG\1-11\1-11.cpp(246,17): warning C4805: '==': 연산에 'BOOL' 형식과 'bool' 형식을 함께 사용하는 것은 안전하지 않습니다.
C:\Users\정태연\OneDrive\바탕 화면\대학\컴퓨터 그래픽스\CG\1-11\1-11.cpp(253,17): warning C4805: '==': 연산에 'BOOL' 형식과 'bool' 형식을 함께 사용하는 것은 안전하지 않습니다.
C:\Users\정태연\OneDrive\바탕 화면\대학\컴퓨터 그래픽스\CG\1-11\1-11.cpp(260,17): warning C4805: '==': 연산에 'BOOL' 형식과 'bool' 형식을 함께 사용하는 것은 안전하지 않습니다.
C:\Users\정태연\OneDrive\바탕 화면\대학\컴퓨터 그래픽스\CG\1-11\1-11.cpp(267,17): warning C4805: '==': 연산에 'BOOL' 형식과 'bool' 형식을 함께 사용하는 것은 안전하지 않습니다.
  1-11.vcxproj -> C:\Users\정태연\OneDrive\바탕 화면\대학\컴퓨터 그래픽스\CG\1-11\x64\Debug\1-11.exe
