  1-9.cpp
C:\Users\정태연\OneDrive\바탕 화면\대학\컴퓨터 그래픽스\CG\1-9\1-9.cpp(46,25): warning C4244: '=': 'double'에서 'float'(으)로 변환하면서 데이터가 손실될 수 있습니다.
C:\Users\정태연\OneDrive\바탕 화면\대학\컴퓨터 그래픽스\CG\1-9\1-9.cpp(46,55): warning C4244: '=': 'double'에서 'float'(으)로 변환하면서 데이터가 손실될 수 있습니다.
C:\Users\정태연\OneDrive\바탕 화면\대학\컴퓨터 그래픽스\CG\1-9\1-9.cpp(46,85): warning C4244: '=': 'double'에서 'float'(으)로 변환하면서 데이터가 손실될 수 있습니다.
C:\Users\정태연\OneDrive\바탕 화면\대학\컴퓨터 그래픽스\CG\1-9\1-9.cpp(59,23): warning C4244: '=': 'double'에서 'GLfloat'(으)로 변환하면서 데이터가 손실될 수 있습니다.
C:\Users\정태연\OneDrive\바탕 화면\대학\컴퓨터 그래픽스\CG\1-9\1-9.cpp(60,23): warning C4244: '=': 'double'에서 'GLfloat'(으)로 변환하면서 데이터가 손실될 수 있습니다.
C:\Users\정태연\OneDrive\바탕 화면\대학\컴퓨터 그래픽스\CG\1-9\1-9.cpp(61,23): warning C4244: '=': 'double'에서 'GLfloat'(으)로 변환하면서 데이터가 손실될 수 있습니다.
C:\Users\정태연\OneDrive\바탕 화면\대학\컴퓨터 그래픽스\CG\1-9\1-9.cpp(62,23): warning C4244: '=': 'double'에서 'GLfloat'(으)로 변환하면서 데이터가 손실될 수 있습니다.
C:\Users\정태연\OneDrive\바탕 화면\대학\컴퓨터 그래픽스\CG\1-9\1-9.cpp(63,23): warning C4244: '=': 'double'에서 'GLfloat'(으)로 변환하면서 데이터가 손실될 수 있습니다.
C:\Users\정태연\OneDrive\바탕 화면\대학\컴퓨터 그래픽스\CG\1-9\1-9.cpp(68,1): warning C4326: 'main'의 반환 형식이 'int'이어야 하는데 'void'입니다.
C:\Users\정태연\OneDrive\바탕 화면\대학\컴퓨터 그래픽스\CG\1-9\1-9.cpp(69,12): warning C4244: '인수': 'time_t'에서 'unsigned int'(으)로 변환하면서 데이터가 손실될 수 있습니다.
C:\Users\정태연\OneDrive\바탕 화면\대학\컴퓨터 그래픽스\CG\1-9\1-9.cpp(196,23): warning C4244: '=': 'double'에서 'GLfloat'(으)로 변환하면서 데이터가 손실될 수 있습니다.
C:\Users\정태연\OneDrive\바탕 화면\대학\컴퓨터 그래픽스\CG\1-9\1-9.cpp(198,23): warning C4244: '=': 'double'에서 'GLfloat'(으)로 변환하면서 데이터가 손실될 수 있습니다.
C:\Users\정태연\OneDrive\바탕 화면\대학\컴퓨터 그래픽스\CG\1-9\1-9.cpp(199,23): warning C4244: '=': 'double'에서 'GLfloat'(으)로 변환하면서 데이터가 손실될 수 있습니다.
C:\Users\정태연\OneDrive\바탕 화면\대학\컴퓨터 그래픽스\CG\1-9\1-9.cpp(200,23): warning C4244: '=': 'double'에서 'GLfloat'(으)로 변환하면서 데이터가 손실될 수 있습니다.
C:\Users\정태연\OneDrive\바탕 화면\대학\컴퓨터 그래픽스\CG\1-9\1-9.cpp(201,23): warning C4244: '=': 'double'에서 'GLfloat'(으)로 변환하면서 데이터가 손실될 수 있습니다.
C:\Users\정태연\OneDrive\바탕 화면\대학\컴퓨터 그래픽스\CG\1-9\1-9.cpp(204,23): warning C4244: '=': 'double'에서 'GLfloat'(으)로 변환하면서 데이터가 손실될 수 있습니다.
C:\Users\정태연\OneDrive\바탕 화면\대학\컴퓨터 그래픽스\CG\1-9\1-9.cpp(206,23): warning C4244: '=': 'double'에서 'GLfloat'(으)로 변환하면서 데이터가 손실될 수 있습니다.
C:\Users\정태연\OneDrive\바탕 화면\대학\컴퓨터 그래픽스\CG\1-9\1-9.cpp(207,23): warning C4244: '=': 'double'에서 'GLfloat'(으)로 변환하면서 데이터가 손실될 수 있습니다.
C:\Users\정태연\OneDrive\바탕 화면\대학\컴퓨터 그래픽스\CG\1-9\1-9.cpp(208,23): warning C4244: '=': 'double'에서 'GLfloat'(으)로 변환하면서 데이터가 손실될 수 있습니다.
C:\Users\정태연\OneDrive\바탕 화면\대학\컴퓨터 그래픽스\CG\1-9\1-9.cpp(209,23): warning C4244: '=': 'double'에서 'GLfloat'(으)로 변환하면서 데이터가 손실될 수 있습니다.
C:\Users\정태연\OneDrive\바탕 화면\대학\컴퓨터 그래픽스\CG\1-9\1-9.cpp(213,23): warning C4244: '=': 'double'에서 'GLfloat'(으)로 변환하면서 데이터가 손실될 수 있습니다.
C:\Users\정태연\OneDrive\바탕 화면\대학\컴퓨터 그래픽스\CG\1-9\1-9.cpp(214,23): warning C4244: '=': 'double'에서 'GLfloat'(으)로 변환하면서 데이터가 손실될 수 있습니다.
C:\Users\정태연\OneDrive\바탕 화면\대학\컴퓨터 그래픽스\CG\1-9\1-9.cpp(215,23): warning C4244: '=': 'double'에서 'GLfloat'(으)로 변환하면서 데이터가 손실될 수 있습니다.
C:\Users\정태연\OneDrive\바탕 화면\대학\컴퓨터 그래픽스\CG\1-9\1-9.cpp(216,23): warning C4244: '=': 'double'에서 'GLfloat'(으)로 변환하면서 데이터가 손실될 수 있습니다.
C:\Users\정태연\OneDrive\바탕 화면\대학\컴퓨터 그래픽스\CG\1-9\1-9.cpp(217,23): warning C4244: '=': 'double'에서 'GLfloat'(으)로 변환하면서 데이터가 손실될 수 있습니다.
C:\Users\정태연\OneDrive\바탕 화면\대학\컴퓨터 그래픽스\CG\1-9\1-9.cpp(221,23): warning C4244: '=': 'double'에서 'GLfloat'(으)로 변환하면서 데이터가 손실될 수 있습니다.
C:\Users\정태연\OneDrive\바탕 화면\대학\컴퓨터 그래픽스\CG\1-9\1-9.cpp(222,23): warning C4244: '=': 'double'에서 'GLfloat'(으)로 변환하면서 데이터가 손실될 수 있습니다.
C:\Users\정태연\OneDrive\바탕 화면\대학\컴퓨터 그래픽스\CG\1-9\1-9.cpp(223,23): warning C4244: '=': 'double'에서 'GLfloat'(으)로 변환하면서 데이터가 손실될 수 있습니다.
C:\Users\정태연\OneDrive\바탕 화면\대학\컴퓨터 그래픽스\CG\1-9\1-9.cpp(224,23): warning C4244: '=': 'double'에서 'GLfloat'(으)로 변환하면서 데이터가 손실될 수 있습니다.
C:\Users\정태연\OneDrive\바탕 화면\대학\컴퓨터 그래픽스\CG\1-9\1-9.cpp(225,23): warning C4244: '=': 'double'에서 'GLfloat'(으)로 변환하면서 데이터가 손실될 수 있습니다.
C:\Users\정태연\OneDrive\바탕 화면\대학\컴퓨터 그래픽스\CG\1-9\1-9.cpp(233,19): warning C4244: '=': 'double'에서 'float'(으)로 변환하면서 데이터가 손실될 수 있습니다.
C:\Users\정태연\OneDrive\바탕 화면\대학\컴퓨터 그래픽스\CG\1-9\1-9.cpp(234,19): warning C4244: '=': 'double'에서 'float'(으)로 변환하면서 데이터가 손실될 수 있습니다.
C:\Users\정태연\OneDrive\바탕 화면\대학\컴퓨터 그래픽스\CG\1-9\1-9.cpp(245,19): warning C4244: '=': 'double'에서 'float'(으)로 변환하면서 데이터가 손실될 수 있습니다.
C:\Users\정태연\OneDrive\바탕 화면\대학\컴퓨터 그래픽스\CG\1-9\1-9.cpp(246,19): warning C4244: '=': 'double'에서 'float'(으)로 변환하면서 데이터가 손실될 수 있습니다.
C:\Users\정태연\OneDrive\바탕 화면\대학\컴퓨터 그래픽스\CG\1-9\1-9.cpp(257,19): warning C4244: '=': 'double'에서 'float'(으)로 변환하면서 데이터가 손실될 수 있습니다.
C:\Users\정태연\OneDrive\바탕 화면\대학\컴퓨터 그래픽스\CG\1-9\1-9.cpp(258,19): warning C4244: '=': 'double'에서 'float'(으)로 변환하면서 데이터가 손실될 수 있습니다.
C:\Users\정태연\OneDrive\바탕 화면\대학\컴퓨터 그래픽스\CG\1-9\1-9.cpp(269,19): warning C4244: '=': 'double'에서 'float'(으)로 변환하면서 데이터가 손실될 수 있습니다.
C:\Users\정태연\OneDrive\바탕 화면\대학\컴퓨터 그래픽스\CG\1-9\1-9.cpp(270,19): warning C4244: '=': 'double'에서 'float'(으)로 변환하면서 데이터가 손실될 수 있습니다.
C:\Users\정태연\OneDrive\바탕 화면\대학\컴퓨터 그래픽스\CG\1-9\1-9.cpp(294,20): warning C4244: '=': 'double'에서 'float'(으)로 변환하면서 데이터가 손실될 수 있습니다.
C:\Users\정태연\OneDrive\바탕 화면\대학\컴퓨터 그래픽스\CG\1-9\1-9.cpp(297,20): warning C4244: '=': 'double'에서 'float'(으)로 변환하면서 데이터가 손실될 수 있습니다.
C:\Users\정태연\OneDrive\바탕 화면\대학\컴퓨터 그래픽스\CG\1-9\1-9.cpp(310,20): warning C4244: '=': 'double'에서 'float'(으)로 변환하면서 데이터가 손실될 수 있습니다.
C:\Users\정태연\OneDrive\바탕 화면\대학\컴퓨터 그래픽스\CG\1-9\1-9.cpp(314,20): warning C4244: '=': 'double'에서 'float'(으)로 변환하면서 데이터가 손실될 수 있습니다.
C:\Users\정태연\OneDrive\바탕 화면\대학\컴퓨터 그래픽스\CG\1-9\1-9.cpp(327,20): warning C4244: '=': 'double'에서 'float'(으)로 변환하면서 데이터가 손실될 수 있습니다.
C:\Users\정태연\OneDrive\바탕 화면\대학\컴퓨터 그래픽스\CG\1-9\1-9.cpp(331,20): warning C4244: '=': 'double'에서 'float'(으)로 변환하면서 데이터가 손실될 수 있습니다.
C:\Users\정태연\OneDrive\바탕 화면\대학\컴퓨터 그래픽스\CG\1-9\1-9.cpp(344,20): warning C4244: '=': 'double'에서 'float'(으)로 변환하면서 데이터가 손실될 수 있습니다.
C:\Users\정태연\OneDrive\바탕 화면\대학\컴퓨터 그래픽스\CG\1-9\1-9.cpp(348,20): warning C4244: '=': 'double'에서 'float'(으)로 변환하면서 데이터가 손실될 수 있습니다.
C:\Users\정태연\OneDrive\바탕 화면\대학\컴퓨터 그래픽스\CG\1-9\1-9.cpp(373,19): warning C4305: '-=': 'double'에서 'float'(으)로 잘립니다.
C:\Users\정태연\OneDrive\바탕 화면\대학\컴퓨터 그래픽스\CG\1-9\1-9.cpp(380,19): warning C4305: '+=': 'double'에서 'float'(으)로 잘립니다.
C:\Users\정태연\OneDrive\바탕 화면\대학\컴퓨터 그래픽스\CG\1-9\1-9.cpp(383,19): warning C4305: '+=': 'double'에서 'float'(으)로 잘립니다.
C:\Users\정태연\OneDrive\바탕 화면\대학\컴퓨터 그래픽스\CG\1-9\1-9.cpp(391,19): warning C4305: '-=': 'double'에서 'float'(으)로 잘립니다.
C:\Users\정태연\OneDrive\바탕 화면\대학\컴퓨터 그래픽스\CG\1-9\1-9.cpp(398,19): warning C4305: '+=': 'double'에서 'float'(으)로 잘립니다.
C:\Users\정태연\OneDrive\바탕 화면\대학\컴퓨터 그래픽스\CG\1-9\1-9.cpp(411,15): warning C4244: '초기화 중': 'double'에서 'float'(으)로 변환하면서 데이터가 손실될 수 있습니다.
C:\Users\정태연\OneDrive\바탕 화면\대학\컴퓨터 그래픽스\CG\1-9\1-9.cpp(414,34): warning C4244: '+=': 'double'에서 'float'(으)로 변환하면서 데이터가 손실될 수 있습니다.
C:\Users\정태연\OneDrive\바탕 화면\대학\컴퓨터 그래픽스\CG\1-9\1-9.cpp(415,34): warning C4244: '+=': 'double'에서 'float'(으)로 변환하면서 데이터가 손실될 수 있습니다.
  1-9.vcxproj -> C:\Users\정태연\OneDrive\바탕 화면\대학\컴퓨터 그래픽스\CG\1-7\x64\Debug\1-9.exe
