  1-7.cpp
C:\Users\정태연\OneDrive\바탕 화면\대학\컴퓨터 그래픽스\CG\1-7\1-7.cpp(33,25): warning C4244: '=': 'double'에서 'float'(으)로 변환하면서 데이터가 손실될 수 있습니다.
C:\Users\정태연\OneDrive\바탕 화면\대학\컴퓨터 그래픽스\CG\1-7\1-7.cpp(33,55): warning C4244: '=': 'double'에서 'float'(으)로 변환하면서 데이터가 손실될 수 있습니다.
C:\Users\정태연\OneDrive\바탕 화면\대학\컴퓨터 그래픽스\CG\1-7\1-7.cpp(33,85): warning C4244: '=': 'double'에서 'float'(으)로 변환하면서 데이터가 손실될 수 있습니다.
C:\Users\정태연\OneDrive\바탕 화면\대학\컴퓨터 그래픽스\CG\1-7\1-7.cpp(44,1): warning C4326: 'main'의 반환 형식이 'int'이어야 하는데 'void'입니다.
C:\Users\정태연\OneDrive\바탕 화면\대학\컴퓨터 그래픽스\CG\1-7\1-7.cpp(45,12): warning C4244: '인수': 'time_t'에서 'unsigned int'(으)로 변환하면서 데이터가 손실될 수 있습니다.
C:\Users\정태연\OneDrive\바탕 화면\대학\컴퓨터 그래픽스\CG\1-7\1-7.cpp(78,38): warning C4244: '인수': 'GLfloat'에서 'GLint'(으)로 변환하면서 데이터가 손실될 수 있습니다.
C:\Users\정태연\OneDrive\바탕 화면\대학\컴퓨터 그래픽스\CG\1-7\1-7.cpp(82,37): warning C4244: '인수': 'GLfloat'에서 'GLint'(으)로 변환하면서 데이터가 손실될 수 있습니다.
C:\Users\정태연\OneDrive\바탕 화면\대학\컴퓨터 그래픽스\CG\1-7\1-7.cpp(85,41): warning C4244: '인수': 'GLfloat'에서 'GLint'(으)로 변환하면서 데이터가 손실될 수 있습니다.
C:\Users\정태연\OneDrive\바탕 화면\대학\컴퓨터 그래픽스\CG\1-7\1-7.cpp(88,41): warning C4244: '인수': 'GLfloat'에서 'GLint'(으)로 변환하면서 데이터가 손실될 수 있습니다.
C:\Users\정태연\OneDrive\바탕 화면\대학\컴퓨터 그래픽스\CG\1-7\1-7.cpp(231,17): warning C4305: '인수': 'double'에서 'float'(으)로 잘립니다.
C:\Users\정태연\OneDrive\바탕 화면\대학\컴퓨터 그래픽스\CG\1-7\1-7.cpp(234,15): warning C4305: '인수': 'double'에서 'float'(으)로 잘립니다.
C:\Users\정태연\OneDrive\바탕 화면\대학\컴퓨터 그래픽스\CG\1-7\1-7.cpp(237,18): warning C4305: '인수': 'double'에서 'float'(으)로 잘립니다.
C:\Users\정태연\OneDrive\바탕 화면\대학\컴퓨터 그래픽스\CG\1-7\1-7.cpp(240,14): warning C4305: '인수': 'double'에서 'float'(으)로 잘립니다.
C:\Users\정태연\OneDrive\바탕 화면\대학\컴퓨터 그래픽스\CG\1-7\1-7.cpp(256,31): warning C4244: '=': 'double'에서 'float'(으)로 변환하면서 데이터가 손실될 수 있습니다.
C:\Users\정태연\OneDrive\바탕 화면\대학\컴퓨터 그래픽스\CG\1-7\1-7.cpp(257,31): warning C4244: '=': 'double'에서 'float'(으)로 변환하면서 데이터가 손실될 수 있습니다.
C:\Users\정태연\OneDrive\바탕 화면\대학\컴퓨터 그래픽스\CG\1-7\1-7.cpp(259,33): warning C4244: '=': 'double'에서 'float'(으)로 변환하면서 데이터가 손실될 수 있습니다.
C:\Users\정태연\OneDrive\바탕 화면\대학\컴퓨터 그래픽스\CG\1-7\1-7.cpp(260,21): warning C4244: '=': 'double'에서 'float'(으)로 변환하면서 데이터가 손실될 수 있습니다.
C:\Users\정태연\OneDrive\바탕 화면\대학\컴퓨터 그래픽스\CG\1-7\1-7.cpp(275,34): warning C4244: '=': 'double'에서 'GLfloat'(으)로 변환하면서 데이터가 손실될 수 있습니다.
C:\Users\정태연\OneDrive\바탕 화면\대학\컴퓨터 그래픽스\CG\1-7\1-7.cpp(276,34): warning C4244: '=': 'double'에서 'GLfloat'(으)로 변환하면서 데이터가 손실될 수 있습니다.
C:\Users\정태연\OneDrive\바탕 화면\대학\컴퓨터 그래픽스\CG\1-7\1-7.cpp(277,34): warning C4244: '=': 'double'에서 'GLfloat'(으)로 변환하면서 데이터가 손실될 수 있습니다.
C:\Users\정태연\OneDrive\바탕 화면\대학\컴퓨터 그래픽스\CG\1-7\1-7.cpp(278,34): warning C4244: '=': 'double'에서 'GLfloat'(으)로 변환하면서 데이터가 손실될 수 있습니다.
C:\Users\정태연\OneDrive\바탕 화면\대학\컴퓨터 그래픽스\CG\1-7\1-7.cpp(279,34): warning C4244: '=': 'double'에서 'GLfloat'(으)로 변환하면서 데이터가 손실될 수 있습니다.
C:\Users\정태연\OneDrive\바탕 화면\대학\컴퓨터 그래픽스\CG\1-7\1-7.cpp(282,34): warning C4244: '=': 'double'에서 'GLfloat'(으)로 변환하면서 데이터가 손실될 수 있습니다.
C:\Users\정태연\OneDrive\바탕 화면\대학\컴퓨터 그래픽스\CG\1-7\1-7.cpp(283,34): warning C4244: '=': 'double'에서 'GLfloat'(으)로 변환하면서 데이터가 손실될 수 있습니다.
C:\Users\정태연\OneDrive\바탕 화면\대학\컴퓨터 그래픽스\CG\1-7\1-7.cpp(284,50): warning C4244: '=': 'double'에서 'GLfloat'(으)로 변환하면서 데이터가 손실될 수 있습니다.
C:\Users\정태연\OneDrive\바탕 화면\대학\컴퓨터 그래픽스\CG\1-7\1-7.cpp(285,51): warning C4244: '=': 'double'에서 'GLfloat'(으)로 변환하면서 데이터가 손실될 수 있습니다.
C:\Users\정태연\OneDrive\바탕 화면\대학\컴퓨터 그래픽스\CG\1-7\1-7.cpp(286,51): warning C4244: '=': 'double'에서 'GLfloat'(으)로 변환하면서 데이터가 손실될 수 있습니다.
C:\Users\정태연\OneDrive\바탕 화면\대학\컴퓨터 그래픽스\CG\1-7\1-7.cpp(287,51): warning C4244: '=': 'double'에서 'GLfloat'(으)로 변환하면서 데이터가 손실될 수 있습니다.
C:\Users\정태연\OneDrive\바탕 화면\대학\컴퓨터 그래픽스\CG\1-7\1-7.cpp(288,35): warning C4244: '=': 'double'에서 'GLfloat'(으)로 변환하면서 데이터가 손실될 수 있습니다.
C:\Users\정태연\OneDrive\바탕 화면\대학\컴퓨터 그래픽스\CG\1-7\1-7.cpp(289,35): warning C4244: '=': 'double'에서 'GLfloat'(으)로 변환하면서 데이터가 손실될 수 있습니다.
  1-7.vcxproj -> C:\Users\정태연\OneDrive\바탕 화면\대학\컴퓨터 그래픽스\CG\1-7\x64\Debug\1-7.exe
